
> students@0.0.0 dev
> vite

Port 5000 is in use, trying another one...

  VITE v6.4.1  ready in 788 ms

  ➜  Local:   http://localhost:5001/
  ➜  Network: http://192.168.0.2:5001/
[BABEL] Note: The code generator has deoptimised the styling of /app/components/AdminDashboard.tsx as it exceeds the max of 500KB.
9:14:14 AM [vite] (client) hmr update /components/LessonView.tsx
9:53:39 AM [vite] (client) hmr update /components/LessonView.tsx
9:53:48 AM [vite] (client) hmr update /components/LessonView.tsx
10:23:45 AM [vite] (client) hmr update /components/LessonView.tsx
10:24:08 AM [vite] (client) hmr update /components/StudentDashboard.tsx
1:04:31 PM [vite] (client) hmr update /components/StudentDashboard.tsx
1:04:53 PM [vite] (client) hmr update /components/LessonView.tsx
1:05:23 PM [vite] (client) hmr update /App.tsx
1:05:40 PM [vite] (client) hmr update /components/Auth.tsx
1:37:04 PM [vite] (client) hmr update /components/StudentDashboard.tsx
1:39:50 PM [vite] (client) hmr update /components/AdminDashboard.tsx
1:40:30 PM [vite] (client) hmr update /components/StudentDashboard.tsx
1:40:35 PM [vite] (client) hmr update /components/StudentDashboard.tsx
